\BOOKMARK [1][-]{section.1}{Introduction}{}% 1
\BOOKMARK [1][-]{section.2}{Model Development}{}% 2
\BOOKMARK [2][-]{subsection.2.1}{Gizzard shad life history}{section.2}% 3
\BOOKMARK [2][-]{subsection.2.2}{Equations}{section.2}% 4
\BOOKMARK [3][-]{subsubsection.2.2.1}{Growth and survival}{subsection.2.2}% 5
\BOOKMARK [2][-]{subsection.2.3}{Fecundity}{section.2}% 6
\BOOKMARK [2][-]{subsection.2.4}{Dynamical Model}{section.2}% 7
\BOOKMARK [1][-]{section.3}{Methods}{}% 8
\BOOKMARK [2][-]{subsection.3.1}{Research area used for model parameterization}{section.3}% 9
\BOOKMARK [2][-]{subsection.3.2}{Research area used for model validation}{section.3}% 10
\BOOKMARK [2][-]{subsection.3.3}{Parameterization}{section.3}% 11
\BOOKMARK [3][-]{subsubsection.3.3.1}{Fecundity and recruitment}{subsection.3.3}% 12
\BOOKMARK [3][-]{subsubsection.3.3.2}{Growth and survival of adults}{subsection.3.3}% 13
\BOOKMARK [1][-]{section.4}{Analysis and Results}{}% 14
\BOOKMARK [2][-]{subsection.4.1}{Initial conditions}{section.4}% 15
\BOOKMARK [3][-]{subsubsection.4.1.1}{Periodic orbit and validation with external dataset}{subsection.4.1}% 16
\BOOKMARK [3][-]{subsubsection.4.1.2}{Survival of age-0 cohort}{subsection.4.1}% 17
\BOOKMARK [2][-]{subsection.4.2}{Time Evolution of Initial State}{section.4}% 18
\BOOKMARK [1][-]{section.5}{Discussion}{}% 19
\BOOKMARK [1][-]{section.6}{Acknowledgments}{}% 20
